Build started 9/19/2015 4:17:03 PM.
     1>Project "C:\Users\Jacob\Documents\Visual Studio 2015\Projects\Pong\Pong.vcxproj" on node 2 (Build target(s)).
     1>ClCompile:
         C:\Program Files (x86)\Microsoft Visual Studio 14.0\VC\bin\x86_amd64\CL.exe /c /ZI /nologo /W3 /WX- /sdl /Od /D _MBCS /Gm /EHsc /RTC1 /MDd /GS /fp:precise /Zc:wchar_t /Zc:forScope /Zc:inline /Fo"x64\Debug\\" /Fd"x64\Debug\vc140.pdb" /Gd /TP /errorReport:prompt Source.cpp
         Source.cpp
     1>c:\users\jacob\documents\visual studio 2015\projects\pong\source.cpp(24): warning C4244: 'argument': conversion from 'time_t' to 'unsigned int', possible loss of data
     1>c:\users\jacob\documents\visual studio 2015\projects\pong\source.cpp(49): warning C4244: '+=': conversion from 'double' to 'float', possible loss of data
     1>c:\users\jacob\documents\visual studio 2015\projects\pong\source.cpp(50): warning C4244: '+=': conversion from 'double' to 'float', possible loss of data
     1>c:\users\jacob\documents\visual studio 2015\projects\pong\source.cpp(101): warning C4244: 'argument': conversion from 'int' to 'float', possible loss of data
     1>c:\users\jacob\documents\visual studio 2015\projects\pong\source.cpp(211): warning C4244: '=': conversion from 'float' to 'int', possible loss of data
     1>c:\users\jacob\documents\visual studio 2015\projects\pong\source.cpp(213): warning C4244: '=': conversion from 'float' to 'int', possible loss of data
     1>c:\users\jacob\documents\visual studio 2015\projects\pong\source.cpp(215): warning C4244: '=': conversion from 'float' to 'int', possible loss of data
     1>c:\users\jacob\documents\visual studio 2015\projects\pong\source.cpp(253): warning C4244: 'argument': conversion from 'int' to 'float', possible loss of data
     1>c:\users\jacob\documents\visual studio 2015\projects\pong\source.cpp(254): warning C4244: 'argument': conversion from 'double' to 'float', possible loss of data
     1>c:\users\jacob\documents\visual studio 2015\projects\pong\source.cpp(255): warning C4244: 'argument': conversion from 'double' to 'float', possible loss of data
     1>c:\users\jacob\documents\visual studio 2015\projects\pong\source.cpp(256): warning C4244: 'argument': conversion from 'double' to 'float', possible loss of data
     1>c:\users\jacob\documents\visual studio 2015\projects\pong\source.cpp(257): warning C4244: 'argument': conversion from 'double' to 'float', possible loss of data
     1>c:\users\jacob\documents\visual studio 2015\projects\pong\source.cpp(269): warning C4244: 'argument': conversion from 'double' to 'float', possible loss of data
     1>c:\users\jacob\documents\visual studio 2015\projects\pong\source.cpp(270): warning C4244: 'argument': conversion from 'double' to 'float', possible loss of data
     1>c:\users\jacob\documents\visual studio 2015\projects\pong\source.cpp(276): warning C4305: 'initializing': truncation from 'double' to 'float'
       Link:
         C:\Program Files (x86)\Microsoft Visual Studio 14.0\VC\bin\x86_amd64\link.exe /ERRORREPORT:PROMPT /OUT:"C:\Users\Jacob\Documents\Visual Studio 2015\Projects\Pong\x64\Debug\Pong.exe" /INCREMENTAL /NOLOGO kernel32.lib user32.lib gdi32.lib winspool.lib comdlg32.lib advapi32.lib shell32.lib ole32.lib oleaut32.lib uuid.lib odbc32.lib odbccp32.lib /MANIFEST /MANIFESTUAC:"level='asInvoker' uiAccess='false'" /manifest:embed /Debug /PDB:"C:\Users\Jacob\Documents\Visual Studio 2015\Projects\Pong\x64\Debug\Pong.pdb" /TLBID:1 /DYNAMICBASE /NXCOMPAT /IMPLIB:"C:\Users\Jacob\Documents\Visual Studio 2015\Projects\Pong\x64\Debug\Pong.lib" /MACHINE:X64 x64\Debug\Source.obj
         SFW.lib
     1>SFW.lib(sfwdraw.obj) : fatal error LNK1112: module machine type 'X86' conflicts with target machine type 'x64'
     1>Done Building Project "C:\Users\Jacob\Documents\Visual Studio 2015\Projects\Pong\Pong.vcxproj" (Build target(s)) -- FAILED.

Build FAILED.

Time Elapsed 00:00:02.62
